<?xml version="1.0" encoding="UTF-8"?>
<!-- Generated by org.testng.reporters.JUnitXMLReporter -->
<testsuite ignored="2" hostname="DESKTOP-AAP1BB1" failures="3" tests="8" name="Test" time="177.094" errors="0" timestamp="2019-12-12T11:42:09 EST">
  <testcase classname="com.qa.Test.LoginPageTest" name="LoginPage_TC001" time="3.38"/>
  <testcase classname="com.qa.Test.LoginPageTest" name="Login_page_TC_003" time="16.636"/>
  <testcase classname="com.qa.Test.HomePageTest" name="HomePage_TC_001" time="12.746">
    <failure type="java.lang.AssertionError" message="testcase failed, product added is removed expected [1] but found []">
      <![CDATA[java.lang.AssertionError: testcase failed, product added is removed expected [1] but found []
at com.qa.Test.HomePageTest.HomePage_TC_001(HomePageTest.java:78)
at java.base/java.util.ArrayList.forEach(ArrayList.java:1540)
... Removed 31 stack frames]]>
    </failure>
  </testcase> <!-- HomePage_TC_001 -->
  <testcase classname="com.qa.Test.MyAccountPageTest" name="MyaccountPage_TC_001" time="6.194"/>
  <testcase classname="com.qa.Test.MyAccountPageTest" name="MyaccountPage_TC_002" time="2.278"/>
  <testcase classname="com.qa.Test.SummaryPageTest" name="SummaryPage_TC_001" time="21.039">
    <failure type="java.lang.AssertionError" message="expected [45.510002] but found [45.51]">
      <![CDATA[java.lang.AssertionError: expected [45.510002] but found [45.51]
at com.qa.Test.SummaryPageTest.SummaryPage_TC_001(SummaryPageTest.java:127)
at java.base/java.util.ArrayList.forEach(ArrayList.java:1540)
... Removed 31 stack frames]]>
    </failure>
  </testcase> <!-- SummaryPage_TC_001 -->
  <testcase classname="com.qa.Test.SummaryPageTest" name="SummaryPage_TC_002" time="21.118">
    <failure type="java.lang.AssertionError" message="expected [45.51] but found [45.51]">
      <![CDATA[java.lang.AssertionError: expected [45.51] but found [45.51]
at com.qa.Test.SummaryPageTest.SummaryPage_TC_002(SummaryPageTest.java:105)
at java.base/java.util.ArrayList.forEach(ArrayList.java:1540)
... Removed 31 stack frames]]>
    </failure>
  </testcase> <!-- SummaryPage_TC_002 -->
  <testcase classname="com.qa.Test.SummaryPageTest" name="SummaryPage_TC_003" time="20.104"/>
  <testcase classname="com.qa.Test.LoginPageTest" name="LoginPage_TC_002" time="0.0">
    <ignored/>
  </testcase> <!-- LoginPage_TC_002 -->
  <testcase classname="com.qa.Test.HomePageTest" name="HomePage_TC_002" time="0.0">
    <ignored/>
  </testcase> <!-- HomePage_TC_002 -->
</testsuite> <!-- Test -->
